This is pdfTeX, Version 3.14159265-2.6-1.40.16 (TeX Live 2015) (preloaded format=pdflatex 2015.7.10)  5 AUG 2015 16:53
entering extended mode
 restricted \write18 enabled.
 %&-line parsing enabled.
**FrontBackMatter/Titlepage.tex
(./FrontBackMatter/Titlepage.tex
LaTeX2e <2015/01/01> patch level 2
Babel <3.9l> and hyphenation patterns for 79 languages loaded.
! Undefined control sequence.
l.5 \includegraphics
                    [width=.5\textwidth]{uni.pdf}
? 
! Emergency stop.
l.5 \includegraphics
                    [width=.5\textwidth]{uni.pdf}
End of file on the terminal!

 
Here is how much of TeX's memory you used:
 6 strings out of 493093
 183 string characters out of 6134989
 53225 words of memory out of 5000000
 3589 multiletter control sequences out of 15000+600000
 3640 words of font info for 14 fonts, out of 8000000 for 9000
 1141 hyphenation exceptions out of 8191
 5i,0n,3p,77b,8s stack positions out of 5000i,500n,10000p,200000b,80000s
!  ==> Fatal error occurred, no output PDF file produced!
